10-10-22 12:48:57.304 background-preinit    INFO o.h.v.i.util.Version                       <clinit>   21 HV000001: Hibernate Validator 6.2.3.Final
10-10-22 12:48:57.323 restartedMain         INFO c.c.t.TweetAppApplication               logStarting   55 Starting TweetAppApplication using Java 11.0.12 on ctsjava219 with PID 21976 (D:\Workspace\STS\Project\TweetApp\target\classes started by cogjava1129 in D:\Workspace\STS\Project\TweetApp)
10-10-22 12:48:57.338 restartedMain         INFO c.c.t.TweetAppApplication     logStartupProfileInfo  634 No active profile set, falling back to 1 default profile: "default"
10-10-22 12:48:57.414 restartedMain         INFO ertyDefaultsPostProcessor                     logTo  255 Devtools property defaults active! Set 'spring.devtools.add-properties' to 'false' to disable
10-10-22 12:48:57.426 restartedMain         INFO ertyDefaultsPostProcessor                     logTo  255 For additional web related logging consider setting the 'logging.level.web' property to 'DEBUG'
10-10-22 12:48:59.293 restartedMain         INFO toryConfigurationDelegate    registerRepositoriesIn  132 Bootstrapping Spring Data MongoDB repositories in DEFAULT mode.
10-10-22 12:48:59.365 restartedMain         INFO toryConfigurationDelegate    registerRepositoriesIn  201 Finished Spring Data repository scanning in 66 ms. Found 3 MongoDB repository interfaces.
10-10-22 12:48:59.721 restartedMain         INFO o.s.c.c.s.GenericScope           setSerializationId  283 BeanFactory id=13fe46c4-64a4-3476-ae69-6c5314382915
10-10-22 12:49:00.503 restartedMain         INFO s.b.w.e.t.TomcatWebServer                initialize  108 Tomcat initialized with port(s): 1234 (http)
10-10-22 12:49:00.515 restartedMain         INFO o.a.c.h.Http11NioProtocol                       log  173 Initializing ProtocolHandler ["http-nio-1234"]
10-10-22 12:49:00.516 restartedMain         INFO o.a.c.c.StandardService                         log  173 Starting service [Tomcat]
10-10-22 12:49:00.516 restartedMain         INFO o.a.c.core.StandardEngine                       log  173 Starting Servlet engine: [Apache Tomcat/9.0.64]
10-10-22 12:49:00.755 restartedMain         INFO o.a.c.c.C.[.[.[/]                               log  173 Initializing Spring embedded WebApplicationContext
10-10-22 12:49:00.756 restartedMain         INFO bServerApplicationContext prepareWebApplicationContext  292 Root WebApplicationContext: initialization completed in 3328 ms
10-10-22 12:49:01.418 restartedMain         INFO org.mongodb.driver.client                      info   71 MongoClient with metadata {"driver": {"name": "mongo-java-driver|sync|spring-boot", "version": "4.6.1"}, "os": {"type": "Windows", "name": "Windows 10", "architecture": "amd64", "version": "10.0"}, "platform": "Java/Oracle Corporation/11.0.12+8-LTS-237"} created with settings MongoClientSettings{readPreference=primary, writeConcern=WriteConcern{w=null, wTimeout=null ms, journal=null}, retryWrites=true, retryReads=true, readConcern=ReadConcern{level=null}, credential=null, streamFactoryFactory=null, commandListeners=[io.micrometer.core.instrument.binder.mongodb.MongoMetricsCommandListener@60b764b], codecRegistry=ProvidersCodecRegistry{codecProviders=[ValueCodecProvider{}, BsonValueCodecProvider{}, DBRefCodecProvider{}, DBObjectCodecProvider{}, DocumentCodecProvider{}, IterableCodecProvider{}, MapCodecProvider{}, GeoJsonCodecProvider{}, GridFSFileCodecProvider{}, Jsr310CodecProvider{}, JsonObjectCodecProvider{}, BsonCodecProvider{}, EnumCodecProvider{}, com.mongodb.Jep395RecordCodecProvider@63fe225b]}, clusterSettings={hosts=[localhost:27017], srvServiceName=mongodb, mode=SINGLE, requiredClusterType=UNKNOWN, requiredReplicaSetName='null', serverSelector='null', clusterListeners='[]', serverSelectionTimeout='30000 ms', localThreshold='30000 ms'}, socketSettings=SocketSettings{connectTimeoutMS=10000, readTimeoutMS=0, receiveBufferSize=0, sendBufferSize=0}, heartbeatSocketSettings=SocketSettings{connectTimeoutMS=10000, readTimeoutMS=10000, receiveBufferSize=0, sendBufferSize=0}, connectionPoolSettings=ConnectionPoolSettings{maxSize=100, minSize=0, maxWaitTimeMS=120000, maxConnectionLifeTimeMS=0, maxConnectionIdleTimeMS=0, maintenanceInitialDelayMS=0, maintenanceFrequencyMS=60000, connectionPoolListeners=[io.micrometer.core.instrument.binder.mongodb.MongoMetricsConnectionPoolListener@64597ec3], maxConnecting=2}, serverSettings=ServerSettings{heartbeatFrequencyMS=10000, minHeartbeatFrequencyMS=500, serverListeners='[]', serverMonitorListeners='[]'}, sslSettings=SslSettings{enabled=false, invalidHostNameAllowed=false, context=null}, applicationName='null', compressorList=[], uuidRepresentation=JAVA_LEGACY, serverApi=null, autoEncryptionSettings=null, contextProvider=null}
10-10-22 12:49:01.446 ll'}-localhost:27017  INFO o.m.driver.connection                          info   71 Opened connection [connectionId{localValue:2, serverValue:45}] to localhost:27017
10-10-22 12:49:01.455 ll'}-localhost:27017  INFO o.m.driver.connection                          info   71 Opened connection [connectionId{localValue:1, serverValue:44}] to localhost:27017
10-10-22 12:49:01.456 ll'}-localhost:27017  INFO o.mongodb.driver.cluster                       info   71 Monitor thread successfully connected to server with description ServerDescription{address=localhost:27017, type=STANDALONE, state=CONNECTED, ok=true, minWireVersion=0, maxWireVersion=13, maxDocumentSize=16777216, logicalSessionTimeoutMinutes=30, roundTripTimeNanos=35811000}
10-10-22 12:49:01.953 restartedMain         INFO .OptionalLiveReloadServer               startServer   58 LiveReload server is running on port 35729
10-10-22 12:49:02.544 restartedMain         INFO e.w.EndpointLinksResolver                    <init>   58 Exposing 3 endpoint(s) beneath base path '/actuator'
10-10-22 12:49:02.818 restartedMain         WARN o.s.s.c.a.w.b.WebSecurity              performBuild  307 You are asking Spring Security to ignore Ant [pattern='/v2/api-docs']. This is not recommended -- please use permitAll via HttpSecurity#authorizeHttpRequests instead.
10-10-22 12:49:02.821 restartedMain         INFO efaultSecurityFilterChain                    <init>   52 Will not secure Ant [pattern='/v2/api-docs']
10-10-22 12:49:02.822 restartedMain         WARN o.s.s.c.a.w.b.WebSecurity              performBuild  307 You are asking Spring Security to ignore Ant [pattern='/configuration/ui']. This is not recommended -- please use permitAll via HttpSecurity#authorizeHttpRequests instead.
10-10-22 12:49:02.824 restartedMain         INFO efaultSecurityFilterChain                    <init>   52 Will not secure Ant [pattern='/configuration/ui']
10-10-22 12:49:02.824 restartedMain         WARN o.s.s.c.a.w.b.WebSecurity              performBuild  307 You are asking Spring Security to ignore Ant [pattern='/swagger-resources/**']. This is not recommended -- please use permitAll via HttpSecurity#authorizeHttpRequests instead.
10-10-22 12:49:02.825 restartedMain         INFO efaultSecurityFilterChain                    <init>   52 Will not secure Ant [pattern='/swagger-resources/**']
10-10-22 12:49:02.826 restartedMain         WARN o.s.s.c.a.w.b.WebSecurity              performBuild  307 You are asking Spring Security to ignore Ant [pattern='/configuration/security']. This is not recommended -- please use permitAll via HttpSecurity#authorizeHttpRequests instead.
10-10-22 12:49:02.827 restartedMain         INFO efaultSecurityFilterChain                    <init>   52 Will not secure Ant [pattern='/configuration/security']
10-10-22 12:49:02.827 restartedMain         WARN o.s.s.c.a.w.b.WebSecurity              performBuild  307 You are asking Spring Security to ignore Ant [pattern='/swagger-ui.html']. This is not recommended -- please use permitAll via HttpSecurity#authorizeHttpRequests instead.
10-10-22 12:49:02.828 restartedMain         INFO efaultSecurityFilterChain                    <init>   52 Will not secure Ant [pattern='/swagger-ui.html']
10-10-22 12:49:02.829 restartedMain         WARN o.s.s.c.a.w.b.WebSecurity              performBuild  307 You are asking Spring Security to ignore Ant [pattern='/webjars/**']. This is not recommended -- please use permitAll via HttpSecurity#authorizeHttpRequests instead.
10-10-22 12:49:02.830 restartedMain         INFO efaultSecurityFilterChain                    <init>   52 Will not secure Ant [pattern='/webjars/**']
10-10-22 12:49:02.831 restartedMain         WARN o.s.s.c.a.w.b.WebSecurity              performBuild  307 You are asking Spring Security to ignore Ant [pattern='/health']. This is not recommended -- please use permitAll via HttpSecurity#authorizeHttpRequests instead.
10-10-22 12:49:02.832 restartedMain         INFO efaultSecurityFilterChain                    <init>   52 Will not secure Ant [pattern='/health']
10-10-22 12:49:02.832 restartedMain         WARN o.s.s.c.a.w.b.WebSecurity              performBuild  307 You are asking Spring Security to ignore Ant [pattern='/actuator']. This is not recommended -- please use permitAll via HttpSecurity#authorizeHttpRequests instead.
10-10-22 12:49:02.833 restartedMain         INFO efaultSecurityFilterChain                    <init>   52 Will not secure Ant [pattern='/actuator']
10-10-22 12:49:02.834 restartedMain         WARN o.s.s.c.a.w.b.WebSecurity              performBuild  307 You are asking Spring Security to ignore Ant [pattern='/actuator/**']. This is not recommended -- please use permitAll via HttpSecurity#authorizeHttpRequests instead.
10-10-22 12:49:02.835 restartedMain         INFO efaultSecurityFilterChain                    <init>   52 Will not secure Ant [pattern='/actuator/**']
10-10-22 12:49:03.013 restartedMain         INFO efaultSecurityFilterChain                    <init>   55 Will secure any request with [org.springframework.security.web.session.DisableEncodeUrlFilter@3d59dbf, org.springframework.security.web.context.request.async.WebAsyncManagerIntegrationFilter@162bda37, org.springframework.security.web.context.SecurityContextPersistenceFilter@4109d336, org.springframework.security.web.header.HeaderWriterFilter@a8196b5, org.springframework.web.filter.CorsFilter@5223aaad, org.springframework.security.web.authentication.logout.LogoutFilter@14073ff2, com.cts.tweetapp.security.jwt.AuthTokenFilter@6754a63c, org.springframework.security.web.savedrequest.RequestCacheAwareFilter@115dbeeb, org.springframework.security.web.servletapi.SecurityContextHolderAwareRequestFilter@62471dc6, org.springframework.security.web.authentication.AnonymousAuthenticationFilter@11837058, org.springframework.security.web.session.SessionManagementFilter@138962e4, org.springframework.security.web.access.ExceptionTranslationFilter@7540abf2, org.springframework.security.web.access.intercept.FilterSecurityInterceptor@56b4ad49]
10-10-22 12:49:03.855 restartedMain         INFO o.a.c.h.Http11NioProtocol                       log  173 Starting ProtocolHandler ["http-nio-1234"]
10-10-22 12:49:03.882 restartedMain         INFO s.b.w.e.t.TomcatWebServer                     start  220 Tomcat started on port(s): 1234 (http) with context path ''
10-10-22 12:49:04.089 restartedMain         INFO tationPluginsBootstrapper        onApplicationEvent   84 Context refreshed
10-10-22 12:49:04.108 restartedMain         INFO tationPluginsBootstrapper        onApplicationEvent   87 Found 1 custom documentation plugin(s)
10-10-22 12:49:04.125 restartedMain         INFO piListingReferenceScanner                      scan   44 Scanning for api listing references
10-10-22 12:49:04.297 restartedMain         INFO ingOperationNameGenerator              startingWith   40 Generating unique operation named: handleUsingGET_1
10-10-22 12:49:04.300 restartedMain         INFO ingOperationNameGenerator              startingWith   40 Generating unique operation named: handleUsingGET_2
10-10-22 12:49:04.302 restartedMain         INFO ingOperationNameGenerator              startingWith   40 Generating unique operation named: handleUsingGET_3
10-10-22 12:49:04.411 restartedMain         INFO c.c.t.TweetAppApplication                logStarted   61 Started TweetAppApplication in 8.145 seconds (JVM running for 11.353)
10-10-22 12:49:05.172 nection(1)-127.0.0.1  INFO o.a.c.c.C.[.[.[/]                               log  173 Initializing Spring DispatcherServlet 'dispatcherServlet'
10-10-22 12:49:05.173 nection(1)-127.0.0.1  INFO o.s.w.s.DispatcherServlet           initServletBean  525 Initializing Servlet 'dispatcherServlet'
10-10-22 12:49:05.177 nection(1)-127.0.0.1  INFO o.s.w.s.DispatcherServlet           initServletBean  547 Completed initialization in 3 ms
